<?xml version="1.0" encoding="utf-8"?><testsuites name="pytest tests"><testsuite name="pytest" errors="0" failures="0" skipped="0" tests="11" time="0.400" timestamp="2026-09-03T11:05:48.269336+00:00" hostname="agent-env-c5be0f70-a7e2-4245-a196-7e0c39f1baed"><testcase classname="tests.test_m4_realuser" name="test_me_before_onboarding_flags_incomplete" time="0.144" /><testcase classname="tests.test_m4_realuser" name="test_onboarding_creates_dna_and_makes_me_complete" time="0.017" /><testcase classname="tests.test_m4_realuser" name="test_creator_context_scoped_to_caller" time="0.022" /><testcase classname="tests.test_m4_realuser" name="test_onboarding_requires_real_auth" time="0.007" /><testcase classname="tests.test_m4_realuser" name="test_authenticated_user_gets_empty_opportunity_feed" time="0.010" /><testcase classname="tests.test_m4_realuser" name="test_authenticated_user_cannot_load_alex_creator" time="0.009" /><testcase classname="tests.test_m4_realuser" name="test_demo_still_gets_alex" time="0.007" /><testcase classname="tests.test_m4_realuser" name="test_user_b_cannot_access_user_as_projects" time="0.035" /><testcase classname="tests.test_m4_realuser" name="test_project_persists_across_logout_login_cycle" time="0.023" /><testcase classname="tests.test_m4_realuser" name="test_demo_me_still_works" time="0.007" /><testcase classname="tests.test_m4_realuser" name="test_demo_projects_still_work" time="0.034" /></testsuite></testsuites>