<?xml version="1.0" encoding="utf-8"?><testsuites name="pytest tests"><testsuite name="pytest" errors="0" failures="0" skipped="0" tests="15" time="2.923" timestamp="2026-08-28T07:00:27.978031+00:00" hostname="agent-env-c5be0f70-a7e2-4245-a196-7e0c39f1baed"><testcase classname="tests.test_m2_http" name="test_list_projects_ok" time="0.242" /><testcase classname="tests.test_m2_http" name="test_create_youtube" time="0.057" /><testcase classname="tests.test_m2_http" name="test_content_type_platform_maps[instagram_reel-instagram]" time="0.053" /><testcase classname="tests.test_m2_http" name="test_content_type_platform_maps[instagram_post-instagram]" time="0.051" /><testcase classname="tests.test_m2_http" name="test_content_type_platform_maps[instagram_carousel-instagram]" time="0.053" /><testcase classname="tests.test_m2_http" name="test_bad_content_type" time="0.050" /><testcase classname="tests.test_m2_http" name="test_get_project" time="0.053" /><testcase classname="tests.test_m2_http" name="test_get_nonexistent_404" time="0.051" /><testcase classname="tests.test_m2_http" name="test_patch_title_bumps_updated" time="0.105" /><testcase classname="tests.test_m2_http" name="test_patch_status_valid_and_invalid" time="0.103" /><testcase classname="tests.test_m2_http" name="test_brief_partial_updates_preserve" time="0.161" /><testcase classname="tests.test_m2_http" name="test_creative_object_crud" time="0.363" /><testcase classname="tests.test_m2_http" name="test_activity_events" time="0.051" /><testcase classname="tests.test_m2_http" name="test_discard_hides" time="0.108" /><testcase classname="tests.test_m2_http" name="test_ownership_isolation_direct_seed" time="0.635" /></testsuite></testsuites>