<?xml version="1.0" encoding="utf-8"?><testsuites name="pytest tests"><testsuite name="pytest" errors="0" failures="0" skipped="0" tests="16" time="1.934" timestamp="2026-08-22T11:24:57.461350+00:00" hostname="agent-env-c5be0f70-a7e2-4245-a196-7e0c39f1baed"><testcase classname="tests.test_phase1_foundation" name="test_resolve_identity_demo_returns_alex" time="0.063" /><testcase classname="tests.test_phase1_foundation" name="test_resolve_identity_production_no_session" time="0.005" /><testcase classname="tests.test_phase1_foundation" name="test_expired_session_is_rejected" time="0.016" /><testcase classname="tests.test_phase1_foundation" name="test_workspaces_are_owned_and_isolated" time="0.024" /><testcase classname="tests.test_phase1_foundation" name="test_creator_belongs_to_one_workspace" time="0.016" /><testcase classname="tests.test_phase1_foundation" name="test_production_provider_isolates_by_workspace" time="0.015" /><testcase classname="tests.test_phase1_foundation" name="test_demo_provider_returns_alex" time="0.001" /><testcase classname="tests.test_phase1_foundation" name="test_production_provider_does_not_return_alex" time="0.004" /><testcase classname="tests.test_phase1_foundation" name="test_intent_upsert_and_load" time="0.015" /><testcase classname="tests.test_phase1_foundation" name="test_intent_ownership_isolation" time="0.015" /><testcase classname="tests.test_phase1_foundation" name="test_youtube_sync_idempotent" time="0.129" /><testcase classname="tests.test_phase1_foundation" name="test_youtube_sync_requires_connection" time="0.014" /><testcase classname="tests.test_phase1_foundation" name="test_llm_cache_data_version_mismatch" time="0.015" /><testcase classname="tests.test_phase1_foundation" name="test_encryption_roundtrip" time="0.000" /><testcase classname="tests.test_phase1_foundation" name="test_rate_limiter_blocks_after_limit" time="0.000" /><testcase classname="tests.test_phase1_foundation" name="test_caller_cannot_override_identity_via_shortlist" time="0.083" /></testsuite></testsuites>