<?xml version="1.0" encoding="utf-8"?><testsuites name="pytest tests"><testsuite name="pytest" errors="0" failures="0" skipped="0" tests="16" time="52.952" timestamp="2026-08-22T09:51:00.270124+00:00" hostname="agent-env-c5be0f70-a7e2-4245-a196-7e0c39f1baed"><testcase classname="tests.test_iteration3.TestHandoff" name="test_handoff_status_slack_unconfigured" time="0.319" /><testcase classname="tests.test_iteration3.TestScripts" name="test_create_script_returns_real_claude_body" time="47.029" /><testcase classname="tests.test_iteration3.TestHandoff" name="test_handoff_brief_returns_markdown_with_expected_sections" time="3.939" /><testcase classname="tests.test_iteration3.TestHandoff" name="test_handoff_brief_404_for_bad_opp" time="0.130" /><testcase classname="tests.test_iteration3.TestHandoff" name="test_handoff_slack_400_when_unconfigured" time="0.122" /><testcase classname="tests.test_iteration3.TestCalendar" name="test_add_plan" time="0.158" /><testcase classname="tests.test_iteration3.TestCalendar" name="test_list_plan_with_embedded_opportunity" time="0.198" /><testcase classname="tests.test_iteration3.TestCalendar" name="test_move_plan" time="0.349" /><testcase classname="tests.test_iteration3.TestCalendar" name="test_delete_plan" time="0.272" /><testcase classname="tests.test_iteration3.TestMeAuthGates" name="test_me_creator_unauth_returns_401_not_404" time="0.124" /><testcase classname="tests.test_iteration3.TestMeAuthGates" name="test_me_opportunities_unauth_returns_401" time="0.118" /><testcase classname="tests.test_iteration3.TestScripts" name="test_list_scripts_returns_created_item" time="0.222" /><testcase classname="tests.test_iteration3.TestScripts" name="test_get_script_full_doc" time="0.121" /><testcase classname="tests.test_iteration3.TestScripts" name="test_patch_script_body_persists" time="0.333" /><testcase classname="tests.test_iteration3.TestScripts" name="test_refine_script_returns_new_body" time="3.350" /><testcase classname="tests.test_iteration3.TestScripts" name="test_delete_script" time="0.264" /></testsuite></testsuites>