<?xml version="1.0" encoding="utf-8"?><testsuites name="pytest tests"><testsuite name="pytest" errors="0" failures="0" skipped="0" tests="8" time="25.987" timestamp="2026-08-22T09:33:42.479924+00:00" hostname="agent-env-c5be0f70-a7e2-4245-a196-7e0c39f1baed"><testcase classname="tests.test_iteration2.TestShortlist" name="test_shortlist_crud_flow" time="5.569" /><testcase classname="tests.test_iteration2.TestAuthStatus" name="test_auth_status_unconfigured" time="0.324" /><testcase classname="tests.test_iteration2.TestAuthStatus" name="test_google_login_unconfigured_returns_400" time="0.054" /><testcase classname="tests.test_iteration2.TestDnaCard" name="test_dna_card_png_success" time="0.417" /><testcase classname="tests.test_iteration2.TestDnaCard" name="test_dna_card_not_found" time="0.053" /><testcase classname="tests.test_iteration2.TestAssistant" name="test_assistant_streaming_and_history" time="10.423" /><testcase classname="tests.test_iteration2.TestShortlist" name="test_shortlist_isolation_between_clients" time="0.453" /><testcase classname="tests.test_iteration2.TestIdeaLabRegenerate" name="test_regenerate_returns_different_titles" time="18.693" /></testsuite></testsuites>