<?xml version="1.0" encoding="utf-8"?><testsuites name="pytest tests"><testsuite name="pytest" errors="0" failures="0" skipped="0" tests="9" time="302.411" timestamp="2026-09-03T10:18:04.495943+00:00" hostname="agent-env-c5be0f70-a7e2-4245-a196-7e0c39f1baed"><testcase classname="tests.test_m3_http" name="test_sources_crud_http" time="0.667" /><testcase classname="tests.test_m3_http" name="test_research_persists_singleton_status_activity" time="75.829" /><testcase classname="tests.test_m3_http" name="test_directions_generate_and_select" time="16.076" /><testcase classname="tests.test_m3_http" name="test_outline_content_edit_youtube" time="181.302" /><testcase classname="tests.test_m3_http" name="test_content_type_mapping[instagram_reel-script]" time="9.082" /><testcase classname="tests.test_m3_http" name="test_content_type_mapping[instagram_post-caption]" time="5.073" /><testcase classname="tests.test_m3_http" name="test_content_type_mapping[instagram_carousel-carousel]" time="9.941" /><testcase classname="tests.test_m3_http" name="test_chat_persists_and_context_aware" time="3.626" /><testcase classname="tests.test_m3_http" name="test_ownership_isolation_http" time="0.711" /></testsuite></testsuites>