<?xml version="1.0" encoding="utf-8"?><testsuites name="pytest tests"><testsuite name="pytest" errors="0" failures="0" skipped="0" tests="38" time="52.067" timestamp="2026-08-22T10:06:18.733744+00:00" hostname="agent-env-c5be0f70-a7e2-4245-a196-7e0c39f1baed"><testcase classname="tests.test_iteration3.TestHandoff" name="test_handoff_status_slack_unconfigured" time="0.273" /><testcase classname="tests.test_iteration3.TestScripts" name="test_create_script_returns_real_claude_body" time="43.993" /><testcase classname="tests.test_iteration3.TestHandoff" name="test_handoff_brief_returns_markdown_with_expected_sections" time="0.220" /><testcase classname="tests.test_iteration3.TestHandoff" name="test_handoff_brief_404_for_bad_opp" time="3.638" /><testcase classname="tests.test_iteration3.TestHandoff" name="test_handoff_slack_400_when_unconfigured" time="0.414" /><testcase classname="tests.test_iteration3.TestCalendar" name="test_add_plan" time="0.170" /><testcase classname="tests.test_iteration3.TestCalendar" name="test_list_plan_with_embedded_opportunity" time="0.153" /><testcase classname="tests.test_iteration3.TestCalendar" name="test_move_plan" time="0.278" /><testcase classname="tests.test_iteration3.TestCalendar" name="test_delete_plan" time="0.280" /><testcase classname="tests.backend_test.TestCreator" name="test_alex_full_dna" time="0.115" /><testcase classname="tests.backend_test.TestCreator" name="test_sarah_dna" time="0.044" /><testcase classname="tests.backend_test.TestCreator" name="test_unknown_creator_404" time="0.043" /><testcase classname="tests.backend_test.TestOpportunities" name="test_list_alex_opportunities" time="0.047" /><testcase classname="tests.backend_test.TestOpportunities" name="test_opp1_score_and_bullets" time="0.054" /><testcase classname="tests.backend_test.TestOpportunities" name="test_opp1_llm_cache_fast_second_hit" time="0.099" /><testcase classname="tests.backend_test.TestTrends" name="test_trends_list" time="0.051" /><testcase classname="tests.backend_test.TestTrends" name="test_trends_filter_ai" time="0.050" /><testcase classname="tests.backend_test.TestTrends" name="test_trend_ai_agents_detail" time="0.048" /><testcase classname="tests.backend_test.TestCompatibility" name="test_compat_alex_sarah" time="0.046" /><testcase classname="tests.backend_test.TestCompatibility" name="test_compat_reversed_pair_also_works" time="0.050" /><testcase classname="tests.test_iteration2.TestAuthStatus" name="test_auth_status_unconfigured" time="0.134" /><testcase classname="tests.test_iteration2.TestAuthStatus" name="test_google_login_unconfigured_returns_400" time="0.046" /><testcase classname="tests.test_iteration2.TestShortlist" name="test_shortlist_crud_flow" time="0.925" /><testcase classname="tests.test_iteration2.TestShortlist" name="test_shortlist_isolation_between_clients" time="0.372" /><testcase classname="tests.test_iteration2.TestDnaCard" name="test_dna_card_png_success" time="0.380" /><testcase classname="tests.test_iteration2.TestDnaCard" name="test_dna_card_not_found" time="0.049" /><testcase classname="tests.test_iteration3.TestMeAuthGates" name="test_me_creator_unauth_returns_401_not_404" time="0.169" /><testcase classname="tests.test_iteration3.TestMeAuthGates" name="test_me_opportunities_unauth_returns_401" time="0.114" /><testcase classname="tests.backend_test.TestRoot" name="test_root_service" time="0.042" /><testcase classname="tests.backend_test.TestIdeaLab" name="test_idea_lab_opp1" time="0.045" /><testcase classname="tests.backend_test.TestCollab" name="test_collab_proposal" time="0.051" /><testcase classname="tests.test_iteration2.TestIdeaLabRegenerate" name="test_regenerate_returns_different_titles" time="14.150" /><testcase classname="tests.test_iteration2.TestAssistant" name="test_assistant_streaming_and_history" time="5.535" /><testcase classname="tests.test_iteration3.TestScripts" name="test_list_scripts_returns_created_item" time="0.285" /><testcase classname="tests.test_iteration3.TestScripts" name="test_get_script_full_doc" time="0.145" /><testcase classname="tests.test_iteration3.TestScripts" name="test_patch_script_body_persists" time="0.346" /><testcase classname="tests.test_iteration3.TestScripts" name="test_refine_script_returns_new_body" time="5.479" /><testcase classname="tests.test_iteration3.TestScripts" name="test_delete_script" time="0.272" /></testsuite></testsuites>