<?xml version="1.0" encoding="utf-8"?><testsuites name="pytest tests"><testsuite name="pytest" errors="0" failures="0" skipped="0" tests="10" time="12.013" timestamp="2026-09-03T11:06:42.491096+00:00" hostname="agent-env-c5be0f70-a7e2-4245-a196-7e0c39f1baed"><testcase classname="tests.test_m4_http" name="test_demo_me_returns_alex" time="0.273" /><testcase classname="tests.test_m4_http" name="test_demo_creator_context_returns_alex_dna" time="0.136" /><testcase classname="tests.test_m4_http" name="test_demo_alex_creator_route_still_works" time="0.137" /><testcase classname="tests.test_m4_http" name="test_onboarding_requires_real_auth" time="0.112" /><testcase classname="tests.test_m4_http" name="test_real_user_gets_404_on_alex_creator" time="0.182" /><testcase classname="tests.test_m4_http" name="test_real_user_gets_empty_opportunity_feed" time="0.151" /><testcase classname="tests.test_m4_http" name="test_real_user_me_flags_incomplete_before_onboarding" time="0.131" /><testcase classname="tests.test_m4_http" name="test_full_onboarding_creates_dna_live_llm" time="9.649" /><testcase classname="tests.test_m4_http" name="test_two_user_project_isolation" time="0.643" /><testcase classname="tests.test_m4_http" name="test_project_persists_across_logout_relogin" time="0.482" /></testsuite></testsuites>