<?xml version="1.0" encoding="utf-8"?><testsuites name="pytest tests"><testsuite name="pytest" errors="0" failures="0" skipped="0" tests="14" time="2.350" timestamp="2026-08-22T09:11:37.126356+00:00" hostname="agent-env-c5be0f70-a7e2-4245-a196-7e0c39f1baed"><testcase classname="tests.backend_test.TestOpportunities" name="test_list_alex_opportunities" time="0.349" /><testcase classname="tests.backend_test.TestCreator" name="test_alex_full_dna" time="0.345" /><testcase classname="tests.backend_test.TestCreator" name="test_sarah_dna" time="0.056" /><testcase classname="tests.backend_test.TestOpportunities" name="test_opp1_score_and_bullets" time="0.104" /><testcase classname="tests.backend_test.TestCreator" name="test_unknown_creator_404" time="0.115" /><testcase classname="tests.backend_test.TestOpportunities" name="test_opp1_llm_cache_fast_second_hit" time="0.124" /><testcase classname="tests.backend_test.TestTrends" name="test_trends_list" time="0.094" /><testcase classname="tests.backend_test.TestCompatibility" name="test_compat_alex_sarah" time="0.052" /><testcase classname="tests.backend_test.TestTrends" name="test_trends_filter_ai" time="0.049" /><testcase classname="tests.backend_test.TestCompatibility" name="test_compat_reversed_pair_also_works" time="0.044" /><testcase classname="tests.backend_test.TestTrends" name="test_trend_ai_agents_detail" time="0.052" /><testcase classname="tests.backend_test.TestRoot" name="test_root_service" time="0.044" /><testcase classname="tests.backend_test.TestCollab" name="test_collab_proposal" time="0.061" /><testcase classname="tests.backend_test.TestIdeaLab" name="test_idea_lab_opp1" time="0.049" /></testsuite></testsuites>